2025-10-11 05:33:25,443 - USER=valentine.opiyo@varian.com(0) ACTION=login_failed RESOURCE=None/None STATUS=error
2025-10-11 05:33:25,443 - USER=valentine.opiyo@varian.com(0) ACTION=login_failed RESOURCE=None/None STATUS=error
2025-10-11 05:33:31,342 - USER=Valentine Opiyo(1) ACTION=login RESOURCE=None/None STATUS=success
2025-10-11 05:33:31,342 - USER=Valentine Opiyo(1) ACTION=login RESOURCE=None/None STATUS=success
2025-10-11 05:38:04,021 - USER=Valentine Opiyo(1) ACTION=add_stock RESOURCE=inventory/None STATUS=error
2025-10-11 05:38:04,021 - USER=Valentine Opiyo(1) ACTION=add_stock RESOURCE=inventory/None STATUS=error
2025-10-11 05:45:37,176 - USER=Valentine Opiyo(1) ACTION=add_stock RESOURCE=inventory/9 STATUS=success
2025-10-11 05:45:37,176 - USER=Valentine Opiyo(1) ACTION=add_stock RESOURCE=inventory/9 STATUS=success
2025-10-11 07:31:28,419 - USER=wfv@edfv.com(0) ACTION=login_failed RESOURCE=None/None STATUS=error
2025-10-11 07:31:28,419 - USER=wfv@edfv.com(0) ACTION=login_failed RESOURCE=None/None STATUS=error
2025-10-11 07:31:45,302 - USER=Valentine Opiyo(1) ACTION=login RESOURCE=None/None STATUS=success
2025-10-11 07:31:45,302 - USER=Valentine Opiyo(1) ACTION=login RESOURCE=None/None STATUS=success
2025-10-11 08:10:17,133 - USER=Valentine Opiyo(1) ACTION=view_parts RESOURCE=parts/None STATUS=success
2025-10-11 08:10:17,133 - USER=Valentine Opiyo(1) ACTION=view_parts RESOURCE=parts/None STATUS=success
2025-10-11 08:10:17,435 - USER=Valentine Opiyo(1) ACTION=view_users RESOURCE=user/None STATUS=success
2025-10-11 08:10:17,435 - USER=Valentine Opiyo(1) ACTION=view_users RESOURCE=user/None STATUS=success
2025-10-11 08:10:17,751 - USER=Valentine Opiyo(1) ACTION=view_parts RESOURCE=parts/None STATUS=success
2025-10-11 08:10:17,751 - USER=Valentine Opiyo(1) ACTION=view_parts RESOURCE=parts/None STATUS=success
2025-10-11 08:10:18,022 - USER=Valentine Opiyo(1) ACTION=view_users RESOURCE=user/None STATUS=success
2025-10-11 08:10:18,022 - USER=Valentine Opiyo(1) ACTION=view_users RESOURCE=user/None STATUS=success
2025-10-11 10:13:21,826 - USER=Valentine Opiyo(1) ACTION=view_parts RESOURCE=parts/None STATUS=success
2025-10-11 10:13:21,826 - USER=Valentine Opiyo(1) ACTION=view_parts RESOURCE=parts/None STATUS=success
2025-10-11 10:13:22,127 - USER=Valentine Opiyo(1) ACTION=view_users RESOURCE=user/None STATUS=success
2025-10-11 10:13:22,127 - USER=Valentine Opiyo(1) ACTION=view_users RESOURCE=user/None STATUS=success
2025-10-11 10:13:22,424 - USER=Valentine Opiyo(1) ACTION=view_parts RESOURCE=parts/None STATUS=success
2025-10-11 10:13:22,424 - USER=Valentine Opiyo(1) ACTION=view_parts RESOURCE=parts/None STATUS=success
2025-10-11 10:13:22,711 - USER=Valentine Opiyo(1) ACTION=view_users RESOURCE=user/None STATUS=success
2025-10-11 10:13:22,711 - USER=Valentine Opiyo(1) ACTION=view_users RESOURCE=user/None STATUS=success
2025-10-11 10:29:09,073 - USER=Valentine Opiyo(1) ACTION=view_parts RESOURCE=parts/None STATUS=success
2025-10-11 10:29:09,073 - USER=Valentine Opiyo(1) ACTION=view_parts RESOURCE=parts/None STATUS=success
2025-10-11 10:29:09,383 - USER=Valentine Opiyo(1) ACTION=view_users RESOURCE=user/None STATUS=success
2025-10-11 10:29:09,383 - USER=Valentine Opiyo(1) ACTION=view_users RESOURCE=user/None STATUS=success
2025-10-11 10:29:09,684 - USER=Valentine Opiyo(1) ACTION=view_parts RESOURCE=parts/None STATUS=success
2025-10-11 10:29:09,684 - USER=Valentine Opiyo(1) ACTION=view_parts RESOURCE=parts/None STATUS=success
2025-10-11 10:29:09,990 - USER=Valentine Opiyo(1) ACTION=view_users RESOURCE=user/None STATUS=success
2025-10-11 10:29:09,990 - USER=Valentine Opiyo(1) ACTION=view_users RESOURCE=user/None STATUS=success
2025-10-11 13:22:17,186 - USER=Valentine Opiyo(1) ACTION=view_parts RESOURCE=parts/None STATUS=success
2025-10-11 13:22:17,186 - USER=Valentine Opiyo(1) ACTION=view_parts RESOURCE=parts/None STATUS=success
2025-10-11 13:22:17,502 - USER=Valentine Opiyo(1) ACTION=view_users RESOURCE=user/None STATUS=success
2025-10-11 13:22:17,502 - USER=Valentine Opiyo(1) ACTION=view_users RESOURCE=user/None STATUS=success
2025-10-11 13:22:17,818 - USER=Valentine Opiyo(1) ACTION=view_parts RESOURCE=parts/None STATUS=success
2025-10-11 13:22:17,818 - USER=Valentine Opiyo(1) ACTION=view_parts RESOURCE=parts/None STATUS=success
2025-10-11 13:22:18,103 - USER=Valentine Opiyo(1) ACTION=view_users RESOURCE=user/None STATUS=success
2025-10-11 13:22:18,103 - USER=Valentine Opiyo(1) ACTION=view_users RESOURCE=user/None STATUS=success
2025-10-11 13:30:53,644 - USER=Valentine Opiyo(1) ACTION=view_parts RESOURCE=parts/None STATUS=success
2025-10-11 13:30:53,644 - USER=Valentine Opiyo(1) ACTION=view_parts RESOURCE=parts/None STATUS=success
2025-10-11 13:30:53,939 - USER=Valentine Opiyo(1) ACTION=view_users RESOURCE=user/None STATUS=success
2025-10-11 13:30:53,939 - USER=Valentine Opiyo(1) ACTION=view_users RESOURCE=user/None STATUS=success
2025-10-11 13:30:54,264 - USER=Valentine Opiyo(1) ACTION=view_parts RESOURCE=parts/None STATUS=success
2025-10-11 13:30:54,264 - USER=Valentine Opiyo(1) ACTION=view_parts RESOURCE=parts/None STATUS=success
2025-10-11 13:30:54,553 - USER=Valentine Opiyo(1) ACTION=view_users RESOURCE=user/None STATUS=success
2025-10-11 13:30:54,553 - USER=Valentine Opiyo(1) ACTION=view_users RESOURCE=user/None STATUS=success
2025-10-12 08:02:12,804 - USER=Valentine Opiyo(1) ACTION=view_parts RESOURCE=parts/None STATUS=success
2025-10-12 08:02:12,804 - USER=Valentine Opiyo(1) ACTION=view_parts RESOURCE=parts/None STATUS=success
2025-10-12 08:02:13,110 - USER=Valentine Opiyo(1) ACTION=view_users RESOURCE=user/None STATUS=success
2025-10-12 08:02:13,110 - USER=Valentine Opiyo(1) ACTION=view_users RESOURCE=user/None STATUS=success
2025-10-12 08:02:15,460 - USER=Valentine Opiyo(1) ACTION=view_parts RESOURCE=parts/None STATUS=success
2025-10-12 08:02:15,460 - USER=Valentine Opiyo(1) ACTION=view_parts RESOURCE=parts/None STATUS=success
2025-10-12 08:02:15,480 - USER=Valentine Opiyo(1) ACTION=view_users RESOURCE=user/None STATUS=success
2025-10-12 08:02:15,480 - USER=Valentine Opiyo(1) ACTION=view_users RESOURCE=user/None STATUS=success
2025-10-12 08:06:33,990 - USER=Valentine Opiyo(1) ACTION=view_parts RESOURCE=parts/None STATUS=success
2025-10-12 08:06:33,990 - USER=Valentine Opiyo(1) ACTION=view_parts RESOURCE=parts/None STATUS=success
2025-10-12 08:06:34,297 - USER=Valentine Opiyo(1) ACTION=view_users RESOURCE=user/None STATUS=success
2025-10-12 08:06:34,297 - USER=Valentine Opiyo(1) ACTION=view_users RESOURCE=user/None STATUS=success
2025-10-12 08:06:34,611 - USER=Valentine Opiyo(1) ACTION=view_parts RESOURCE=parts/None STATUS=success
2025-10-12 08:06:34,611 - USER=Valentine Opiyo(1) ACTION=view_parts RESOURCE=parts/None STATUS=success
2025-10-12 08:06:34,891 - USER=Valentine Opiyo(1) ACTION=view_users RESOURCE=user/None STATUS=success
2025-10-12 08:06:34,891 - USER=Valentine Opiyo(1) ACTION=view_users RESOURCE=user/None STATUS=success
2025-10-12 08:07:02,505 - USER=Valentine Opiyo(1) ACTION=view_parts RESOURCE=parts/None STATUS=success
2025-10-12 08:07:02,505 - USER=Valentine Opiyo(1) ACTION=view_parts RESOURCE=parts/None STATUS=success
2025-10-12 08:07:02,804 - USER=Valentine Opiyo(1) ACTION=view_users RESOURCE=user/None STATUS=success
2025-10-12 08:07:02,804 - USER=Valentine Opiyo(1) ACTION=view_users RESOURCE=user/None STATUS=success
2025-10-12 08:07:03,108 - USER=Valentine Opiyo(1) ACTION=view_parts RESOURCE=parts/None STATUS=success
2025-10-12 08:07:03,108 - USER=Valentine Opiyo(1) ACTION=view_parts RESOURCE=parts/None STATUS=success
2025-10-12 08:07:03,387 - USER=Valentine Opiyo(1) ACTION=view_users RESOURCE=user/None STATUS=success
2025-10-12 08:07:03,387 - USER=Valentine Opiyo(1) ACTION=view_users RESOURCE=user/None STATUS=success
2025-10-12 08:17:31,203 - USER=Valentine Opiyo(1) ACTION=login RESOURCE=None/None STATUS=success
2025-10-12 08:17:31,203 - USER=Valentine Opiyo(1) ACTION=login RESOURCE=None/None STATUS=success
2025-10-12 08:17:31,229 - USER=Valentine Opiyo(1) ACTION=view_parts RESOURCE=parts/None STATUS=success
2025-10-12 08:17:31,229 - USER=Valentine Opiyo(1) ACTION=view_parts RESOURCE=parts/None STATUS=success
2025-10-12 08:17:31,259 - USER=Valentine Opiyo(1) ACTION=view_users RESOURCE=user/None STATUS=success
2025-10-12 08:17:31,259 - USER=Valentine Opiyo(1) ACTION=view_users RESOURCE=user/None STATUS=success
2025-10-12 08:24:16,688 - USER=Valentine Opiyo(1) ACTION=view_parts RESOURCE=parts/None STATUS=success
2025-10-12 08:24:16,688 - USER=Valentine Opiyo(1) ACTION=view_parts RESOURCE=parts/None STATUS=success
2025-10-12 08:24:16,747 - USER=Valentine Opiyo(1) ACTION=view_users RESOURCE=user/None STATUS=success
2025-10-12 08:24:16,747 - USER=Valentine Opiyo(1) ACTION=view_users RESOURCE=user/None STATUS=success
2025-10-12 08:24:16,791 - USER=Valentine Opiyo(1) ACTION=view_parts RESOURCE=parts/None STATUS=success
2025-10-12 08:24:16,791 - USER=Valentine Opiyo(1) ACTION=view_parts RESOURCE=parts/None STATUS=success
2025-10-12 08:24:16,837 - USER=Valentine Opiyo(1) ACTION=view_users RESOURCE=user/None STATUS=success
2025-10-12 08:24:16,837 - USER=Valentine Opiyo(1) ACTION=view_users RESOURCE=user/None STATUS=success
2025-10-12 16:04:26,080 - USER=Valentine Opiyo(1) ACTION=view_parts RESOURCE=parts/None STATUS=success
2025-10-12 16:04:26,080 - USER=Valentine Opiyo(1) ACTION=view_parts RESOURCE=parts/None STATUS=success
2025-10-12 16:04:26,108 - USER=Valentine Opiyo(1) ACTION=view_users RESOURCE=user/None STATUS=success
2025-10-12 16:04:26,108 - USER=Valentine Opiyo(1) ACTION=view_users RESOURCE=user/None STATUS=success
2025-10-12 16:04:26,129 - USER=Valentine Opiyo(1) ACTION=view_parts RESOURCE=parts/None STATUS=success
2025-10-12 16:04:26,129 - USER=Valentine Opiyo(1) ACTION=view_parts RESOURCE=parts/None STATUS=success
2025-10-12 16:04:26,149 - USER=Valentine Opiyo(1) ACTION=view_users RESOURCE=user/None STATUS=success
2025-10-12 16:04:26,149 - USER=Valentine Opiyo(1) ACTION=view_users RESOURCE=user/None STATUS=success
2025-11-01 05:49:10,373 - USER=Valentine Opiyo(1) ACTION=view_parts RESOURCE=parts/None STATUS=success
2025-11-01 05:49:10,398 - USER=Valentine Opiyo(1) ACTION=view_equipment RESOURCE=equipment/None STATUS=success
2025-11-01 05:49:10,418 - USER=Valentine Opiyo(1) ACTION=view_users RESOURCE=user/None STATUS=success
2025-11-01 05:49:10,439 - USER=Valentine Opiyo(1) ACTION=view_parts RESOURCE=parts/None STATUS=success
2025-11-01 05:49:10,458 - USER=Valentine Opiyo(1) ACTION=view_equipment RESOURCE=equipment/None STATUS=success
2025-11-01 05:49:10,476 - USER=Valentine Opiyo(1) ACTION=view_users RESOURCE=user/None STATUS=success
2025-11-01 05:50:51,597 - USER=Valentine Opiyo(1) ACTION=view_parts RESOURCE=parts/None STATUS=success
2025-11-01 05:50:51,626 - USER=Valentine Opiyo(1) ACTION=view_equipment RESOURCE=equipment/None STATUS=success
2025-11-01 05:50:51,657 - USER=Valentine Opiyo(1) ACTION=view_users RESOURCE=user/None STATUS=success
2025-11-01 05:50:51,684 - USER=Valentine Opiyo(1) ACTION=view_parts RESOURCE=parts/None STATUS=success
2025-11-01 05:50:51,709 - USER=Valentine Opiyo(1) ACTION=view_equipment RESOURCE=equipment/None STATUS=success
2025-11-01 05:50:51,729 - USER=Valentine Opiyo(1) ACTION=view_users RESOURCE=user/None STATUS=success
2025-11-01 05:51:10,551 - USER=Valentine Opiyo(1) ACTION=view_parts RESOURCE=parts/None STATUS=success
2025-11-01 05:51:10,579 - USER=Valentine Opiyo(1) ACTION=view_equipment RESOURCE=equipment/None STATUS=success
2025-11-01 05:51:10,603 - USER=Valentine Opiyo(1) ACTION=view_users RESOURCE=user/None STATUS=success
2025-11-01 05:51:10,625 - USER=Valentine Opiyo(1) ACTION=view_parts RESOURCE=parts/None STATUS=success
2025-11-01 05:51:10,647 - USER=Valentine Opiyo(1) ACTION=view_equipment RESOURCE=equipment/None STATUS=success
2025-11-01 05:51:10,667 - USER=Valentine Opiyo(1) ACTION=view_users RESOURCE=user/None STATUS=success
2025-11-01 05:51:36,638 - USER=Valentine Opiyo(1) ACTION=view_parts RESOURCE=parts/None STATUS=success
2025-11-01 05:51:36,659 - USER=Valentine Opiyo(1) ACTION=view_equipment RESOURCE=equipment/None STATUS=success
2025-11-01 05:51:36,680 - USER=Valentine Opiyo(1) ACTION=view_users RESOURCE=user/None STATUS=success
2025-11-01 05:51:36,703 - USER=Valentine Opiyo(1) ACTION=view_parts RESOURCE=parts/None STATUS=success
2025-11-01 05:51:36,733 - USER=Valentine Opiyo(1) ACTION=view_equipment RESOURCE=equipment/None STATUS=success
2025-11-01 05:51:36,756 - USER=Valentine Opiyo(1) ACTION=view_users RESOURCE=user/None STATUS=success
2025-11-01 05:51:58,717 - USER=Valentine Opiyo(1) ACTION=view_parts RESOURCE=parts/None STATUS=success
2025-11-01 05:51:58,737 - USER=Valentine Opiyo(1) ACTION=view_equipment RESOURCE=equipment/None STATUS=success
2025-11-01 05:51:58,757 - USER=Valentine Opiyo(1) ACTION=view_users RESOURCE=user/None STATUS=success
2025-11-01 05:51:58,779 - USER=Valentine Opiyo(1) ACTION=view_parts RESOURCE=parts/None STATUS=success
2025-11-01 05:51:58,806 - USER=Valentine Opiyo(1) ACTION=view_equipment RESOURCE=equipment/None STATUS=success
2025-11-01 05:51:58,832 - USER=Valentine Opiyo(1) ACTION=view_users RESOURCE=user/None STATUS=success
2025-11-01 05:53:53,739 - USER=Valentine Opiyo(1) ACTION=view_parts RESOURCE=parts/None STATUS=success
2025-11-01 05:53:53,768 - USER=Valentine Opiyo(1) ACTION=view_equipment RESOURCE=equipment/None STATUS=success
2025-11-01 05:53:53,791 - USER=Valentine Opiyo(1) ACTION=view_users RESOURCE=user/None STATUS=success
2025-11-01 05:53:53,818 - USER=Valentine Opiyo(1) ACTION=view_parts RESOURCE=parts/None STATUS=success
2025-11-01 05:53:53,843 - USER=Valentine Opiyo(1) ACTION=view_equipment RESOURCE=equipment/None STATUS=success
2025-11-01 05:53:53,865 - USER=Valentine Opiyo(1) ACTION=view_users RESOURCE=user/None STATUS=success
2025-11-01 05:53:58,699 - USER=Valentine Opiyo(1) ACTION=view_equipment RESOURCE=equipment/None STATUS=success
2025-11-01 05:56:04,415 - USER=Valentine Opiyo(1) ACTION=view_parts RESOURCE=parts/None STATUS=success
2025-11-01 05:56:04,439 - USER=Valentine Opiyo(1) ACTION=view_equipment RESOURCE=equipment/None STATUS=success
2025-11-01 05:56:04,462 - USER=Valentine Opiyo(1) ACTION=view_users RESOURCE=user/None STATUS=success
2025-11-01 05:56:04,489 - USER=Valentine Opiyo(1) ACTION=view_parts RESOURCE=parts/None STATUS=success
2025-11-01 05:56:04,521 - USER=Valentine Opiyo(1) ACTION=view_equipment RESOURCE=equipment/None STATUS=success
2025-11-01 05:56:04,543 - USER=Valentine Opiyo(1) ACTION=view_users RESOURCE=user/None STATUS=success
2025-11-01 05:56:12,201 - USER=Valentine Opiyo(1) ACTION=view_equipment RESOURCE=equipment/None STATUS=success
2025-11-01 05:56:18,779 - USER=Valentine Opiyo(1) ACTION=view_equipment RESOURCE=equipment/None STATUS=success
2025-11-01 06:01:35,586 - USER=Valentine Opiyo(1) ACTION=view_parts RESOURCE=parts/None STATUS=success
2025-11-01 06:01:35,608 - USER=Valentine Opiyo(1) ACTION=view_equipment RESOURCE=equipment/None STATUS=success
2025-11-01 06:01:35,628 - USER=Valentine Opiyo(1) ACTION=view_users RESOURCE=user/None STATUS=success
2025-11-01 06:01:35,652 - USER=Valentine Opiyo(1) ACTION=view_parts RESOURCE=parts/None STATUS=success
2025-11-01 06:01:35,685 - USER=Valentine Opiyo(1) ACTION=view_equipment RESOURCE=equipment/None STATUS=success
2025-11-01 06:01:35,712 - USER=Valentine Opiyo(1) ACTION=view_users RESOURCE=user/None STATUS=success
2025-11-01 06:01:44,736 - USER=Valentine Opiyo(1) ACTION=view_equipment RESOURCE=equipment/None STATUS=success
2025-11-01 06:06:01,275 - USER=Valentine Opiyo(1) ACTION=view_equipment RESOURCE=equipment/None STATUS=success
2025-11-01 06:07:44,209 - USER=Valentine Opiyo(1) ACTION=view_equipment RESOURCE=equipment/None STATUS=success
2025-11-01 08:32:19,689 - USER=Valentine Opiyo(1) ACTION=view_equipment RESOURCE=equipment/None STATUS=success
2025-11-01 08:37:59,412 - USER=Valentine Opiyo(1) ACTION=view_parts RESOURCE=parts/None STATUS=success
2025-11-01 08:37:59,462 - USER=Valentine Opiyo(1) ACTION=view_equipment RESOURCE=equipment/None STATUS=success
2025-11-01 08:37:59,492 - USER=Valentine Opiyo(1) ACTION=view_users RESOURCE=user/None STATUS=success
2025-11-01 08:37:59,517 - USER=Valentine Opiyo(1) ACTION=view_parts RESOURCE=parts/None STATUS=success
2025-11-01 08:37:59,552 - USER=Valentine Opiyo(1) ACTION=view_equipment RESOURCE=equipment/None STATUS=success
2025-11-01 08:37:59,582 - USER=Valentine Opiyo(1) ACTION=view_users RESOURCE=user/None STATUS=success
2025-11-01 08:38:02,286 - USER=Valentine Opiyo(1) ACTION=view_equipment RESOURCE=equipment/None STATUS=success
2025-11-01 09:16:31,414 - USER=Valentine Opiyo(1) ACTION=view_parts RESOURCE=parts/None STATUS=success
2025-11-01 09:16:31,446 - USER=Valentine Opiyo(1) ACTION=view_equipment RESOURCE=equipment/None STATUS=success
2025-11-01 09:16:31,473 - USER=Valentine Opiyo(1) ACTION=view_users RESOURCE=user/None STATUS=success
2025-11-01 09:16:31,508 - USER=Valentine Opiyo(1) ACTION=view_parts RESOURCE=parts/None STATUS=success
2025-11-01 09:16:31,544 - USER=Valentine Opiyo(1) ACTION=view_equipment RESOURCE=equipment/None STATUS=success
2025-11-01 09:16:31,574 - USER=Valentine Opiyo(1) ACTION=view_users RESOURCE=user/None STATUS=success
2025-11-01 09:16:36,354 - USER=Valentine Opiyo(1) ACTION=view_equipment RESOURCE=equipment/None STATUS=success
2025-11-01 09:38:21,847 - USER=Valentine Opiyo(1) ACTION=view_parts RESOURCE=parts/None STATUS=success
2025-11-01 09:38:21,879 - USER=Valentine Opiyo(1) ACTION=view_equipment RESOURCE=equipment/None STATUS=success
2025-11-01 09:38:21,913 - USER=Valentine Opiyo(1) ACTION=view_users RESOURCE=user/None STATUS=success
2025-11-01 09:38:21,940 - USER=Valentine Opiyo(1) ACTION=view_parts RESOURCE=parts/None STATUS=success
2025-11-01 09:38:21,962 - USER=Valentine Opiyo(1) ACTION=view_equipment RESOURCE=equipment/None STATUS=success
2025-11-01 09:38:21,983 - USER=Valentine Opiyo(1) ACTION=view_users RESOURCE=user/None STATUS=success
2025-11-01 09:38:25,687 - USER=Valentine Opiyo(1) ACTION=view_equipment RESOURCE=equipment/None STATUS=success
2025-11-01 09:48:34,653 - USER=Valentine Opiyo(1) ACTION=login RESOURCE=None/None STATUS=success
2025-11-01 09:48:34,693 - USER=Valentine Opiyo(1) ACTION=view_parts RESOURCE=parts/None STATUS=success
2025-11-01 09:48:34,732 - USER=Valentine Opiyo(1) ACTION=view_equipment RESOURCE=equipment/None STATUS=success
2025-11-01 09:48:34,761 - USER=Valentine Opiyo(1) ACTION=view_users RESOURCE=user/None STATUS=success
2025-11-01 09:48:36,863 - USER=Valentine Opiyo(1) ACTION=view_equipment RESOURCE=equipment/None STATUS=success
2025-11-01 09:51:02,270 - USER=Valentine Opiyo(1) ACTION=login RESOURCE=None/None STATUS=success
2025-11-01 09:51:02,305 - USER=Valentine Opiyo(1) ACTION=view_parts RESOURCE=parts/None STATUS=success
2025-11-01 09:51:02,331 - USER=Valentine Opiyo(1) ACTION=view_equipment RESOURCE=equipment/None STATUS=success
2025-11-01 09:51:02,358 - USER=Valentine Opiyo(1) ACTION=view_users RESOURCE=user/None STATUS=success
2025-11-01 09:51:05,282 - USER=Valentine Opiyo(1) ACTION=view_parts RESOURCE=parts/None STATUS=success
2025-11-01 09:51:05,321 - USER=Valentine Opiyo(1) ACTION=view_parts RESOURCE=parts/None STATUS=success
2025-11-01 09:51:05,353 - USER=Valentine Opiyo(1) ACTION=view_equipment RESOURCE=equipment/None STATUS=success
2025-11-01 09:51:05,381 - USER=Valentine Opiyo(1) ACTION=view_users RESOURCE=user/None STATUS=success
2025-11-01 09:51:05,402 - USER=Valentine Opiyo(1) ACTION=view_equipment RESOURCE=equipment/None STATUS=success
2025-11-01 09:51:05,426 - USER=Valentine Opiyo(1) ACTION=view_users RESOURCE=user/None STATUS=success
2025-11-01 10:22:10,106 - USER=Valentine Opiyo(1) ACTION=view_parts RESOURCE=parts/None STATUS=success
2025-11-01 10:22:10,141 - USER=Valentine Opiyo(1) ACTION=view_equipment RESOURCE=equipment/None STATUS=success
2025-11-01 10:22:10,171 - USER=Valentine Opiyo(1) ACTION=view_users RESOURCE=user/None STATUS=success
2025-11-01 10:22:10,201 - USER=Valentine Opiyo(1) ACTION=view_parts RESOURCE=parts/None STATUS=success
2025-11-01 10:22:10,229 - USER=Valentine Opiyo(1) ACTION=view_equipment RESOURCE=equipment/None STATUS=success
2025-11-01 10:22:10,260 - USER=Valentine Opiyo(1) ACTION=view_users RESOURCE=user/None STATUS=success
2025-11-01 10:28:16,910 - USER=Valentine Opiyo(1) ACTION=view_parts RESOURCE=parts/None STATUS=success
2025-11-01 10:28:16,940 - USER=Valentine Opiyo(1) ACTION=view_equipment RESOURCE=equipment/None STATUS=success
2025-11-01 10:28:16,968 - USER=Valentine Opiyo(1) ACTION=view_users RESOURCE=user/None STATUS=success
2025-11-01 10:28:17,002 - USER=Valentine Opiyo(1) ACTION=view_parts RESOURCE=parts/None STATUS=success
2025-11-01 10:28:17,029 - USER=Valentine Opiyo(1) ACTION=view_equipment RESOURCE=equipment/None STATUS=success
2025-11-01 10:28:17,053 - USER=Valentine Opiyo(1) ACTION=view_users RESOURCE=user/None STATUS=success
2025-11-01 10:28:18,807 - USER=Valentine Opiyo(1) ACTION=view_equipment RESOURCE=equipment/None STATUS=success
2025-11-01 10:28:41,052 - USER=Valentine Opiyo(1) ACTION=view_parts RESOURCE=parts/None STATUS=success
2025-11-01 10:28:41,083 - USER=Valentine Opiyo(1) ACTION=view_equipment RESOURCE=equipment/None STATUS=success
2025-11-01 10:28:41,109 - USER=Valentine Opiyo(1) ACTION=view_users RESOURCE=user/None STATUS=success
2025-11-01 10:28:41,135 - USER=Valentine Opiyo(1) ACTION=view_parts RESOURCE=parts/None STATUS=success
2025-11-01 10:28:41,160 - USER=Valentine Opiyo(1) ACTION=view_equipment RESOURCE=equipment/None STATUS=success
2025-11-01 10:28:41,187 - USER=Valentine Opiyo(1) ACTION=view_users RESOURCE=user/None STATUS=success
2025-11-01 10:28:47,786 - USER=Valentine Opiyo(1) ACTION=view_equipment RESOURCE=equipment/None STATUS=success
2025-11-01 10:29:50,893 - USER=Valentine Opiyo(1) ACTION=view_parts RESOURCE=parts/None STATUS=success
2025-11-01 10:29:50,941 - USER=Valentine Opiyo(1) ACTION=view_equipment RESOURCE=equipment/None STATUS=success
2025-11-01 10:29:50,977 - USER=Valentine Opiyo(1) ACTION=view_users RESOURCE=user/None STATUS=success
2025-11-01 10:29:51,010 - USER=Valentine Opiyo(1) ACTION=view_parts RESOURCE=parts/None STATUS=success
2025-11-01 10:29:51,050 - USER=Valentine Opiyo(1) ACTION=view_equipment RESOURCE=equipment/None STATUS=success
2025-11-01 10:29:51,089 - USER=Valentine Opiyo(1) ACTION=view_users RESOURCE=user/None STATUS=success
2025-11-01 10:30:30,327 - USER=Valentine Opiyo(1) ACTION=view_parts RESOURCE=parts/None STATUS=success
2025-11-01 10:30:30,346 - USER=Valentine Opiyo(1) ACTION=view_equipment RESOURCE=equipment/None STATUS=success
2025-11-01 10:30:30,370 - USER=Valentine Opiyo(1) ACTION=view_parts RESOURCE=parts/None STATUS=success
2025-11-01 10:30:30,401 - USER=Valentine Opiyo(1) ACTION=view_equipment RESOURCE=equipment/None STATUS=success
2025-11-01 10:30:30,427 - USER=Valentine Opiyo(1) ACTION=view_users RESOURCE=user/None STATUS=success
2025-11-01 10:30:30,450 - USER=Valentine Opiyo(1) ACTION=view_users RESOURCE=user/None STATUS=success
2025-11-01 10:37:52,047 - USER=Valentine Opiyo(1) ACTION=view_parts RESOURCE=parts/None STATUS=success
2025-11-01 10:37:52,086 - USER=Valentine Opiyo(1) ACTION=view_equipment RESOURCE=equipment/None STATUS=success
2025-11-01 10:37:52,114 - USER=Valentine Opiyo(1) ACTION=view_users RESOURCE=user/None STATUS=success
2025-11-01 10:37:52,141 - USER=Valentine Opiyo(1) ACTION=view_parts RESOURCE=parts/None STATUS=success
2025-11-01 10:37:52,168 - USER=Valentine Opiyo(1) ACTION=view_equipment RESOURCE=equipment/None STATUS=success
2025-11-01 10:37:52,195 - USER=Valentine Opiyo(1) ACTION=view_users RESOURCE=user/None STATUS=success
2025-11-01 10:38:51,841 - USER=Valentine Opiyo(1) ACTION=view_parts RESOURCE=parts/None STATUS=success
2025-11-01 10:38:51,885 - USER=Valentine Opiyo(1) ACTION=view_equipment RESOURCE=equipment/None STATUS=success
2025-11-01 10:38:51,920 - USER=Valentine Opiyo(1) ACTION=view_parts RESOURCE=parts/None STATUS=success
2025-11-01 10:38:51,941 - USER=Valentine Opiyo(1) ACTION=view_users RESOURCE=user/None STATUS=success
2025-11-01 10:38:51,969 - USER=Valentine Opiyo(1) ACTION=view_equipment RESOURCE=equipment/None STATUS=success
2025-11-01 10:38:51,998 - USER=Valentine Opiyo(1) ACTION=view_users RESOURCE=user/None STATUS=success
2025-11-01 10:38:56,854 - USER=Valentine Opiyo(1) ACTION=view_equipment RESOURCE=equipment/None STATUS=success
2025-11-01 10:43:14,680 - USER=Valentine Opiyo(1) ACTION=view_parts RESOURCE=parts/None STATUS=success
2025-11-01 10:43:14,708 - USER=Valentine Opiyo(1) ACTION=view_equipment RESOURCE=equipment/None STATUS=success
2025-11-01 10:43:14,727 - USER=Valentine Opiyo(1) ACTION=view_users RESOURCE=user/None STATUS=success
2025-11-01 10:43:14,751 - USER=Valentine Opiyo(1) ACTION=view_parts RESOURCE=parts/None STATUS=success
2025-11-01 10:43:14,774 - USER=Valentine Opiyo(1) ACTION=view_equipment RESOURCE=equipment/None STATUS=success
2025-11-01 10:43:14,796 - USER=Valentine Opiyo(1) ACTION=view_users RESOURCE=user/None STATUS=success
2025-11-01 10:43:17,167 - USER=Valentine Opiyo(1) ACTION=view_equipment RESOURCE=equipment/None STATUS=success
2025-11-01 10:43:23,327 - USER=Valentine Opiyo(1) ACTION=view_equipment RESOURCE=equipment/None STATUS=success
2025-11-01 10:43:37,199 - USER=Valentine Opiyo(1) ACTION=view_parts RESOURCE=parts/None STATUS=success
2025-11-01 10:43:37,239 - USER=Valentine Opiyo(1) ACTION=view_equipment RESOURCE=equipment/None STATUS=success
2025-11-01 10:43:37,381 - USER=Valentine Opiyo(1) ACTION=view_parts RESOURCE=parts/None STATUS=success
2025-11-01 10:43:37,441 - USER=Valentine Opiyo(1) ACTION=view_equipment RESOURCE=equipment/None STATUS=success
2025-11-01 10:43:37,537 - USER=Valentine Opiyo(1) ACTION=view_users RESOURCE=user/None STATUS=success
2025-11-01 10:43:37,583 - USER=Valentine Opiyo(1) ACTION=view_users RESOURCE=user/None STATUS=success
2025-11-01 10:50:34,622 - USER=Valentine Opiyo(1) ACTION=view_parts RESOURCE=parts/None STATUS=success
2025-11-01 10:50:34,669 - USER=Valentine Opiyo(1) ACTION=view_equipment RESOURCE=equipment/None STATUS=success
2025-11-01 10:50:34,745 - USER=Valentine Opiyo(1) ACTION=view_users RESOURCE=user/None STATUS=success
2025-11-01 10:50:34,770 - USER=Valentine Opiyo(1) ACTION=view_parts RESOURCE=parts/None STATUS=success
2025-11-01 10:50:34,798 - USER=Valentine Opiyo(1) ACTION=view_equipment RESOURCE=equipment/None STATUS=success
2025-11-01 10:50:34,826 - USER=Valentine Opiyo(1) ACTION=view_users RESOURCE=user/None STATUS=success
2025-11-01 10:55:07,344 - USER=Valentine Opiyo(1) ACTION=view_parts RESOURCE=parts/None STATUS=success
2025-11-01 10:55:07,374 - USER=Valentine Opiyo(1) ACTION=view_equipment RESOURCE=equipment/None STATUS=success
2025-11-01 10:55:07,439 - USER=Valentine Opiyo(1) ACTION=view_users RESOURCE=user/None STATUS=success
2025-11-01 10:55:07,460 - USER=Valentine Opiyo(1) ACTION=view_parts RESOURCE=parts/None STATUS=success
2025-11-01 10:55:07,493 - USER=Valentine Opiyo(1) ACTION=view_equipment RESOURCE=equipment/None STATUS=success
2025-11-01 10:55:07,518 - USER=Valentine Opiyo(1) ACTION=view_users RESOURCE=user/None STATUS=success
2025-11-01 10:57:23,969 - USER=Valentine Opiyo(1) ACTION=view_parts RESOURCE=parts/None STATUS=success
2025-11-01 10:57:23,990 - USER=Valentine Opiyo(1) ACTION=view_parts RESOURCE=parts/None STATUS=success
2025-11-01 10:57:24,015 - USER=Valentine Opiyo(1) ACTION=view_equipment RESOURCE=equipment/None STATUS=success
2025-11-01 10:57:24,041 - USER=Valentine Opiyo(1) ACTION=view_users RESOURCE=user/None STATUS=success
2025-11-01 10:57:24,102 - USER=Valentine Opiyo(1) ACTION=view_equipment RESOURCE=equipment/None STATUS=success
2025-11-01 10:57:24,128 - USER=Valentine Opiyo(1) ACTION=view_users RESOURCE=user/None STATUS=success
2025-11-01 15:44:18,534 - USER=Valentine Opiyo(1) ACTION=view_equipment RESOURCE=equipment/None STATUS=success
2025-11-01 15:56:04,204 - USER=Valentine Opiyo(1) ACTION=view_parts RESOURCE=parts/None STATUS=success
2025-11-01 15:56:04,234 - USER=Valentine Opiyo(1) ACTION=view_equipment RESOURCE=equipment/None STATUS=success
2025-11-01 15:56:04,264 - USER=Valentine Opiyo(1) ACTION=view_users RESOURCE=user/None STATUS=success
2025-11-01 15:56:04,286 - USER=Valentine Opiyo(1) ACTION=view_parts RESOURCE=parts/None STATUS=success
2025-11-01 15:56:04,312 - USER=Valentine Opiyo(1) ACTION=view_equipment RESOURCE=equipment/None STATUS=success
2025-11-01 15:56:04,337 - USER=Valentine Opiyo(1) ACTION=view_users RESOURCE=user/None STATUS=success
2025-11-01 15:56:19,995 - USER=Valentine Opiyo(1) ACTION=view_equipment RESOURCE=equipment/None STATUS=success
2025-11-01 16:00:28,201 - USER=Valentine Opiyo(1) ACTION=view_parts RESOURCE=parts/None STATUS=success
2025-11-01 16:00:28,246 - USER=Valentine Opiyo(1) ACTION=view_equipment RESOURCE=equipment/None STATUS=success
2025-11-01 16:00:28,288 - USER=Valentine Opiyo(1) ACTION=view_users RESOURCE=user/None STATUS=success
2025-11-01 16:00:28,324 - USER=Valentine Opiyo(1) ACTION=view_parts RESOURCE=parts/None STATUS=success
2025-11-01 16:00:28,348 - USER=Valentine Opiyo(1) ACTION=view_equipment RESOURCE=equipment/None STATUS=success
2025-11-01 16:00:28,369 - USER=Valentine Opiyo(1) ACTION=view_users RESOURCE=user/None STATUS=success
2025-11-01 16:00:32,993 - USER=Valentine Opiyo(1) ACTION=view_equipment RESOURCE=equipment/None STATUS=success
2025-11-01 16:00:49,764 - USER=Valentine Opiyo(1) ACTION=view_equipment RESOURCE=equipment/None STATUS=success
2025-11-01 16:01:32,286 - USER=Valentine Opiyo(1) ACTION=view_parts RESOURCE=parts/None STATUS=success
2025-11-01 16:01:32,311 - USER=Valentine Opiyo(1) ACTION=view_equipment RESOURCE=equipment/None STATUS=success
2025-11-01 16:01:32,333 - USER=Valentine Opiyo(1) ACTION=view_users RESOURCE=user/None STATUS=success
2025-11-01 16:01:32,355 - USER=Valentine Opiyo(1) ACTION=view_parts RESOURCE=parts/None STATUS=success
2025-11-01 16:01:32,374 - USER=Valentine Opiyo(1) ACTION=view_equipment RESOURCE=equipment/None STATUS=success
2025-11-01 16:01:32,390 - USER=Valentine Opiyo(1) ACTION=view_users RESOURCE=user/None STATUS=success
2025-11-01 16:01:46,667 - USER=Valentine Opiyo(1) ACTION=view_parts RESOURCE=parts/None STATUS=success
2025-11-01 16:01:46,696 - USER=Valentine Opiyo(1) ACTION=view_equipment RESOURCE=equipment/None STATUS=success
2025-11-01 16:01:46,719 - USER=Valentine Opiyo(1) ACTION=view_users RESOURCE=user/None STATUS=success
2025-11-01 16:01:46,736 - USER=Valentine Opiyo(1) ACTION=view_parts RESOURCE=parts/None STATUS=success
2025-11-01 16:01:46,755 - USER=Valentine Opiyo(1) ACTION=view_equipment RESOURCE=equipment/None STATUS=success
2025-11-01 16:01:46,772 - USER=Valentine Opiyo(1) ACTION=view_users RESOURCE=user/None STATUS=success
2025-11-01 16:01:49,752 - USER=Valentine Opiyo(1) ACTION=view_equipment RESOURCE=equipment/None STATUS=success
2025-11-01 16:01:50,861 - USER=Valentine Opiyo(1) ACTION=view_equipment RESOURCE=equipment/None STATUS=success
2025-11-01 20:20:31,346 - USER=Valentine Opiyo(1) ACTION=view_parts RESOURCE=parts/None STATUS=success
2025-11-01 20:20:31,399 - USER=Valentine Opiyo(1) ACTION=view_parts RESOURCE=parts/None STATUS=success
2025-11-01 20:20:31,433 - USER=Valentine Opiyo(1) ACTION=view_equipment RESOURCE=equipment/None STATUS=success
2025-11-01 20:20:31,470 - USER=Valentine Opiyo(1) ACTION=view_users RESOURCE=user/None STATUS=success
2025-11-01 20:20:31,500 - USER=Valentine Opiyo(1) ACTION=view_equipment RESOURCE=equipment/None STATUS=success
2025-11-01 20:20:31,529 - USER=Valentine Opiyo(1) ACTION=view_users RESOURCE=user/None STATUS=success
2025-11-01 20:20:40,873 - USER=Valentine Opiyo(1) ACTION=view_equipment RESOURCE=equipment/None STATUS=success
2025-11-01 20:21:09,414 - USER=Valentine Opiyo(1) ACTION=view_equipment RESOURCE=equipment/None STATUS=success
2025-11-01 20:33:25,650 - USER=Valentine Opiyo(1) ACTION=view_parts RESOURCE=parts/None STATUS=success
2025-11-01 20:33:25,675 - USER=Valentine Opiyo(1) ACTION=view_equipment RESOURCE=equipment/None STATUS=success
2025-11-01 20:33:25,711 - USER=Valentine Opiyo(1) ACTION=view_users RESOURCE=user/None STATUS=success
2025-11-01 20:33:25,737 - USER=Valentine Opiyo(1) ACTION=view_parts RESOURCE=parts/None STATUS=success
2025-11-01 20:33:25,799 - USER=Valentine Opiyo(1) ACTION=view_equipment RESOURCE=equipment/None STATUS=success
2025-11-01 20:33:25,831 - USER=Valentine Opiyo(1) ACTION=view_users RESOURCE=user/None STATUS=success
2025-11-01 20:33:27,808 - USER=Valentine Opiyo(1) ACTION=view_equipment RESOURCE=equipment/None STATUS=success
2025-11-01 20:37:42,419 - USER=Valentine Opiyo(1) ACTION=view_parts RESOURCE=parts/None STATUS=success
2025-11-01 20:37:42,444 - USER=Valentine Opiyo(1) ACTION=view_equipment RESOURCE=equipment/None STATUS=success
2025-11-01 20:37:42,473 - USER=Valentine Opiyo(1) ACTION=view_users RESOURCE=user/None STATUS=success
2025-11-01 20:37:42,486 - USER=Valentine Opiyo(1) ACTION=view_parts RESOURCE=parts/None STATUS=success
2025-11-01 20:37:42,508 - USER=Valentine Opiyo(1) ACTION=view_equipment RESOURCE=equipment/None STATUS=success
2025-11-01 20:37:42,529 - USER=Valentine Opiyo(1) ACTION=view_users RESOURCE=user/None STATUS=success
2025-11-01 20:37:45,624 - USER=Valentine Opiyo(1) ACTION=view_equipment RESOURCE=equipment/None STATUS=success
2025-11-01 20:41:27,318 - USER=Valentine Opiyo(1) ACTION=view_parts RESOURCE=parts/None STATUS=success
2025-11-01 20:41:27,358 - USER=Valentine Opiyo(1) ACTION=view_equipment RESOURCE=equipment/None STATUS=success
2025-11-01 20:41:27,395 - USER=Valentine Opiyo(1) ACTION=view_users RESOURCE=user/None STATUS=success
2025-11-01 20:41:27,411 - USER=Valentine Opiyo(1) ACTION=view_parts RESOURCE=parts/None STATUS=success
2025-11-01 20:41:27,438 - USER=Valentine Opiyo(1) ACTION=view_equipment RESOURCE=equipment/None STATUS=success
2025-11-01 20:41:27,463 - USER=Valentine Opiyo(1) ACTION=view_users RESOURCE=user/None STATUS=success
2025-11-02 05:28:48,461 - USER=Valentine Opiyo(1) ACTION=view_parts RESOURCE=parts/None STATUS=success
2025-11-02 05:28:48,489 - USER=Valentine Opiyo(1) ACTION=view_equipment RESOURCE=equipment/None STATUS=success
2025-11-02 05:28:48,516 - USER=Valentine Opiyo(1) ACTION=view_users RESOURCE=user/None STATUS=success
2025-11-02 05:28:48,534 - USER=Valentine Opiyo(1) ACTION=view_parts RESOURCE=parts/None STATUS=success
2025-11-02 05:28:48,560 - USER=Valentine Opiyo(1) ACTION=view_equipment RESOURCE=equipment/None STATUS=success
2025-11-02 05:28:48,588 - USER=Valentine Opiyo(1) ACTION=view_users RESOURCE=user/None STATUS=success
2025-11-02 05:28:54,132 - USER=Valentine Opiyo(1) ACTION=view_equipment RESOURCE=equipment/None STATUS=success
2025-11-02 05:29:47,665 - USER=Valentine Opiyo(1) ACTION=view_parts RESOURCE=parts/None STATUS=success
2025-11-02 05:29:47,697 - USER=Valentine Opiyo(1) ACTION=view_parts RESOURCE=parts/None STATUS=success
2025-11-02 05:29:47,724 - USER=Valentine Opiyo(1) ACTION=view_equipment RESOURCE=equipment/None STATUS=success
2025-11-02 05:29:47,752 - USER=Valentine Opiyo(1) ACTION=view_users RESOURCE=user/None STATUS=success
2025-11-02 05:29:47,786 - USER=Valentine Opiyo(1) ACTION=view_equipment RESOURCE=equipment/None STATUS=success
2025-11-02 05:29:47,813 - USER=Valentine Opiyo(1) ACTION=view_users RESOURCE=user/None STATUS=success
2025-11-02 05:29:51,876 - USER=Valentine Opiyo(1) ACTION=view_equipment RESOURCE=equipment/None STATUS=success
2025-11-02 05:34:09,850 - USER=Valentine Opiyo(1) ACTION=view_parts RESOURCE=parts/None STATUS=success
2025-11-02 05:34:09,880 - USER=Valentine Opiyo(1) ACTION=view_users RESOURCE=user/None STATUS=success
2025-11-02 05:34:09,907 - USER=Valentine Opiyo(1) ACTION=view_parts RESOURCE=parts/None STATUS=success
2025-11-02 05:34:09,985 - USER=Valentine Opiyo(1) ACTION=view_users RESOURCE=user/None STATUS=success
2025-11-02 05:34:25,811 - USER=Valentine Opiyo(1) ACTION=view_equipment RESOURCE=equipment/None STATUS=success
2025-11-02 05:34:52,479 - USER=Valentine Opiyo(1) ACTION=view_equipment RESOURCE=equipment/None STATUS=success
2025-11-02 05:42:31,957 - USER=Valentine Opiyo(1) ACTION=view_parts RESOURCE=parts/None STATUS=success
2025-11-02 05:42:31,988 - USER=Valentine Opiyo(1) ACTION=view_equipment RESOURCE=equipment/None STATUS=success
2025-11-02 05:42:32,015 - USER=Valentine Opiyo(1) ACTION=view_users RESOURCE=user/None STATUS=success
2025-11-02 05:42:32,043 - USER=Valentine Opiyo(1) ACTION=view_parts RESOURCE=parts/None STATUS=success
2025-11-02 05:42:32,104 - USER=Valentine Opiyo(1) ACTION=view_equipment RESOURCE=equipment/None STATUS=success
2025-11-02 05:42:32,136 - USER=Valentine Opiyo(1) ACTION=view_users RESOURCE=user/None STATUS=success
2025-11-02 05:42:36,189 - USER=Valentine Opiyo(1) ACTION=view_equipment RESOURCE=equipment/None STATUS=success
